30.01.2024 10:39 
Файл lab.log відкрито 
Оновлений час: 30.01.2024 10:39 

Image Name                     PID Session Name        Session#    Mem Usage
========================= ======== ================ =========== ============
System Idle Process              0 Services                   0          8 K
System                           4 Services                   0      3 132 K
Registry                       180 Services                   0     61 516 K
smss.exe                       708 Services                   0      1 256 K
csrss.exe                     1148 Services                   0      6 212 K
wininit.exe                   1244 Services                   0      7 460 K
csrss.exe                     1252 Console                    1      6 980 K
services.exe                  1316 Services                   0     17 736 K
lsass.exe                     1348 Services                   0     31 736 K
winlogon.exe                  1400 Console                    1     12 788 K
svchost.exe                   1536 Services                   0     34 692 K
fontdrvhost.exe               1572 Services                   0      3 996 K
fontdrvhost.exe               1580 Console                    1     24 024 K
WUDFHost.exe                  1616 Services                   0      6 468 K
svchost.exe                   1716 Services                   0     21 744 K
svchost.exe                   1764 Services                   0      9 564 K
WUDFHost.exe                  1800 Services                   0      6 428 K
dwm.exe                       1908 Console                    1    161 436 K
svchost.exe                   2008 Services                   0      9 552 K
svchost.exe                   2016 Services                   0     14 156 K
svchost.exe                   2028 Services                   0     14 284 K
svchost.exe                   1896 Services                   0     11 076 K
svchost.exe                   2052 Services                   0     10 848 K
svchost.exe                   2060 Services                   0      9 984 K
svchost.exe                   2068 Services                   0     11 660 K
svchost.exe                   2100 Services                   0     17 952 K
svchost.exe                   2256 Services                   0     18 448 K
svchost.exe                   2324 Services                   0     10 644 K
svchost.exe                   2332 Services                   0     13 864 K
svchost.exe                   2384 Services                   0      6 104 K
svchost.exe                   2584 Services                   0      6 996 K
svchost.exe                   2832 Services                   0     13 428 K
svchost.exe                   2880 Services                   0     14 708 K
svchost.exe                   2992 Services                   0      8 428 K
svchost.exe                   3000 Services                   0     10 356 K
svchost.exe                   3004 Services                   0      8 240 K
NVDisplay.Container.exe       3044 Services                   0     47 672 K
svchost.exe                   3144 Services                   0     23 916 K
amdfendrsr.exe                3152 Services                   0      7 264 K
atiesrxx.exe                  3164 Services                   0      6 740 K
svchost.exe                   3200 Services                   0     12 072 K
svchost.exe                   3268 Services                   0      6 968 K
svchost.exe                   3460 Services                   0     23 944 K
NVDisplay.Container.exe       3556 Console                    1     68 076 K
svchost.exe                   3588 Services                   0     27 896 K
svchost.exe                   3652 Services                   0      8 240 K
WmiPrvSE.exe                  3876 Services                   0     36 464 K
WmiPrvSE.exe                  4032 Services                   0     46 760 K
svchost.exe                   3496 Services                   0     31 488 K
svchost.exe                   4180 Services                   0     18 664 K
svchost.exe                   4300 Services                   0      8 748 K
svchost.exe                   4336 Services                   0      8 104 K
dasHost.exe                   4424 Services                   0      6 040 K
svchost.exe                   4480 Services                   0      6 120 K
svchost.exe                   4488 Services                   0     10 120 K
atieclxx.exe                  4500 Console                    1      8 692 K
svchost.exe                   4560 Services                   0     10 244 K
svchost.exe                   4568 Services                   0     19 844 K
svchost.exe                   4604 Services                   0      9 916 K
sihost.exe                    4712 Console                    1     45 404 K
svchost.exe                   4748 Console                    1      8 976 K
svchost.exe                   4756 Console                    1     29 892 K
svchost.exe                   4796 Console                    1      8 772 K
svchost.exe                   4860 Console                    1     42 480 K
taskhostw.exe                 5052 Console                    1     19 404 K
svchost.exe                   5112 Services                   0     16 680 K
LenovoVantageService.exe      3576 Services                   0    111 616 K
Lenovo.Modern.ImControlle     4100 Services                   0     73 488 K
svchost.exe                   4616 Services                   0     22 072 K
svchost.exe                   1328 Services                   0     17 128 K
svchost.exe                   5124 Services                   0      7 424 K
svchost.exe                   5408 Services                   0     10 836 K
svchost.exe                   5428 Services                   0     11 100 K
svchost.exe                   5552 Services                   0     20 696 K
svchost.exe                   5584 Services                   0     11 688 K
svchost.exe                   5856 Services                   0     21 684 K
svchost.exe                   5952 Services                   0     12 660 K
spoolsv.exe                   6040 Services                   0     18 388 K
explorer.exe                  6112 Console                    1    562 724 K
svchost.exe                   5716 Services                   0      8 448 K
svchost.exe                   6256 Services                   0      6 240 K
AppleMobileDeviceService.     6268 Services                   0     14 276 K
svchost.exe                   6276 Services                   0     58 092 K
svchost.exe                   6284 Services                   0     17 344 K
FMService64.exe               6304 Services                   0      8 648 K
DAX3API.exe                   6312 Services                   0     29 552 K
svchost.exe                   6320 Services                   0     33 872 K
FNPLicensingService.exe       6336 Services                   0      9 772 K
sqlwriter.exe                 6344 Services                   0      9 080 K
LenovoUtilityService.exe      6352 Services                   0     29 428 K
RtkAudUService64.exe          6360 Services                   0     11 448 K
LogWatNT.exe                  6368 Services                   0      5 092 K
nvcontainer.exe               6380 Services                   0     43 972 K
sqlbrowser.exe                6388 Services                   0      6 536 K
ssh-agent.exe                 6400 Services                   0      5 936 K
lghub_updater.exe             6424 Services                   0     30 544 K
mysqld.exe                    6440 Services                   0     25 800 K
sshd.exe                      6448 Services                   0      7 904 K
svchost.exe                   6456 Services                   0     10 216 K
svchost.exe                   6464 Services                   0      6 192 K
svchost.exe                   6472 Services                   0     19 296 K
wallpaperservice32_c.exe      6480 Services                   0      6 648 K
MsMpEng.exe                   6488 Services                   0    244 076 K
wslservice.exe                6544 Services                   0     21 340 K
svchost.exe                   6724 Services                   0     10 184 K
svchost.exe                   6808 Services                   0     20 432 K
gamingservices.exe            6948 Services                   0     28 468 K
gamingservicesnet.exe         6960 Services                   0      6 008 K
svchost.exe                   7864 Services                   0      7 728 K
wlanext.exe                   7880 Services                   0      8 416 K
mysqld.exe                    7888 Services                   0    388 904 K
conhost.exe                   7900 Services                   0      9 316 K
conhost.exe                   7924 Services                   0     11 852 K
svchost.exe                   2424 Services                   0      7 120 K
DAX3API.exe                   7856 Console                    1     10 840 K
svchost.exe                   8388 Services                   0      9 356 K
AggregatorHost.exe            8920 Services                   0     11 984 K
svchost.exe                   9032 Services                   0      8 332 K
svchost.exe                   9092 Console                    1     37 344 K
svchost.exe                   9104 Services                   0     11 948 K
svchost.exe                   9176 Services                   0     19 988 K
svchost.exe                   9184 Services                   0     13 220 K
svchost.exe                   8196 Services                   0      7 036 K
rundll32.exe                  6244 Console                    1      7 096 K
svchost.exe                  10024 Services                   0      7 868 K
nvcontainer.exe              10248 Console                    1     35 300 K
nvcontainer.exe              10292 Console                    1    103 748 K
SearchHost.exe               10320 Console                    1    114 064 K
StartMenuExperienceHost.e    10352 Console                    1    132 912 K
Widgets.exe                  10400 Console                    1     53 484 K
RuntimeBroker.exe            10544 Console                    1     23 204 K
RuntimeBroker.exe            10632 Console                    1     50 244 K
svchost.exe                  11016 Console                    1      9 916 K
ctfmon.exe                   11244 Console                    1     53 016 K
PowerToys.exe                 5300 Console                    1     29 480 K
DSRHost.exe                  11236 Console                    1      6 344 K
backgroundTaskHost.exe       11368 Console                    1      2 060 K
dllhost.exe                  11380 Console                    1     15 568 K
svchost.exe                  11464 Services                   0     21 852 K
svchost.exe                  12016 Services                   0      4 876 K
svchost.exe                   7132 Services                   0     24 332 K
LocationNotificationWindo    11948 Console                    1      8 812 K
svchost.exe                  12396 Services                   0     13 624 K
NVIDIA Web Helper.exe        12424 Console                    1     17 464 K
LockApp.exe                  12540 Console                    1     45 952 K
conhost.exe                  12664 Console                    1      1 792 K
SearchIndexer.exe            12680 Services                   0     39 440 K
RuntimeBroker.exe            12888 Console                    1     38 712 K
svchost.exe                  13280 Console                    1     15 408 K
LenovoVantage-(LenovoGami     9304 Services                   0     12 404 K
NisSrv.exe                    5000 Services                   0     14 168 K
unsecapp.exe                 14100 Services                   0     10 076 K
FnHotkeyCapsLKNumLK.exe       2752 Console                    1     28 760 K
FnHotkeyUtility.exe           6216 Console                    1     49 848 K
unsecapp.exe                 12808 Console                    1      8 324 K
unsecapp.exe                 14360 Console                    1     10 368 K
PowerToys.AlwaysOnTop.exe    14508 Console                    1      2 464 K
PowerToys.ColorPickerUI.e    14564 Console                    1     49 516 K
PowerToys.CropAndLock.exe    14588 Console                    1      1 900 K
PowerToys.FancyZones.exe     14612 Console                    1     20 160 K
PowerToys.MouseJumpUI.exe    14680 Console                    1     16 712 K
PowerToys.Peek.UI.exe        14788 Console                    1     94 152 K
PowerToys.PowerLauncher.e    14880 Console                    1    248 720 K
PowerToys.PowerOCR.exe       15020 Console                    1     28 200 K
nvsphelper64.exe              5336 Console                    1     14 900 K
NVIDIA Share.exe             11864 Console                    1    341 432 K
NVIDIA Share.exe              8516 Console                    1     91 316 K
TextInputHost.exe             5452 Console                    1    168 644 K
PhoneExperienceHost.exe      15316 Console                    1    170 160 K
WidgetService.exe            15904 Console                    1     25 544 K
RuntimeBroker.exe            16100 Console                    1     14 072 K
NVIDIA Share.exe             10836 Console                    1    107 436 K
SecurityHealthSystray.exe    14748 Console                    1     10 532 K
SecurityHealthService.exe     9396 Services                   0     23 616 K
RtkAudUService64.exe         14548 Console                    1     11 276 K
OneDrive.exe                 13372 Console                    1    185 260 K
nvfvsdksvc_x64.exe           16576 Services                   0     10 984 K
PresentMon_x64.exe           16656 Services                   0     35 404 K
conhost.exe                  16664 Services                   0      9 732 K
PresentMon_x64.exe           16744 Console                    1     21 220 K
conhost.exe                  16752 Console                    1     12 080 K
nvrla.exe                    16824 Console                    1      9 664 K
msedge.exe                   17144 Console                    1    177 692 K
msedge.exe                   17188 Console                    1      8 260 K
msedge.exe                   17388 Console                    1     60 808 K
msedge.exe                   17404 Console                    1     36 620 K
msedge.exe                   16676 Console                    1     18 548 K
msedge.exe                   17332 Console                    1     69 916 K
msedge.exe                    5008 Console                    1     92 916 K
msedge.exe                   17564 Console                    1     74 284 K
msedge.exe                   17580 Console                    1     74 188 K
msedge.exe                   16156 Console                    1     86 508 K
msedge.exe                   18468 Console                    1     28 256 K
LenovoVantage-(VantageCor    19352 Services                   0      8 488 K
Locator.exe                  18604 Services                   0      3 556 K
msedge.exe                   18720 Console                    1     18 884 K
lghub_system_tray.exe         3104 Console                    1     84 936 K
lghub_agent.exe              19116 Console                    1     92 904 K
LenovoVantage-(LenovoServ    11028 Console                    1     13 296 K
LenovoVantage-(DeviceSett    15728 Console                    1      5 616 K
LenovoVantage-(GenericMes    23064 Console                    1      5 420 K
svchost.exe                  22932 Services                   0     16 996 K
RadeonSoftware.exe           20696 Console                    1    125 652 K
EarTrumpet.exe               20084 Console                    1     67 528 K
svchost.exe                  20132 Services                   0      6 040 K
AdobeIPCBroker.exe           22732 Console                    1     10 484 K
CCLibrary.exe                20500 Console                    1      3 208 K
node.exe                      2420 Console                    1     69 184 K
conhost.exe                  19208 Console                    1     10 344 K
DTShellHlp.exe               21136 Console                    1     19 408 K
DiscSoftBusServiceLite.ex    21972 Services                   0     16 684 K
msedge.exe                    2644 Console                    1     23 008 K
RuntimeBroker.exe            23548 Console                    1     24 352 K
FileCoAuth.exe               23956 Console                    1     28 492 K
WhatsApp.exe                  7808 Console                    1     23 992 K
RuntimeBroker.exe             6892 Console                    1     26 900 K
svchost.exe                  21276 Console                    1     13 980 K
sqlservr.exe                 23060 Services                   0    405 472 K
sqlservr.exe                  5324 Services                   0    446 352 K
sqlceip.exe                  24924 Services                   0     53 084 K
sqlceip.exe                  15244 Services                   0     53 460 K
svchost.exe                  21048 Services                   0     13 104 K
svchost.exe                  17416 Services                   0     12 784 K
svchost.exe                  19760 Console                    1      9 648 K
ShellExperienceHost.exe      10728 Console                    1     75 092 K
RuntimeBroker.exe            23500 Console                    1     34 048 K
msedgewebview2.exe           22780 Console                    1     42 596 K
msedgewebview2.exe           23080 Console                    1      8 068 K
msedgewebview2.exe           19816 Console                    1     63 008 K
msedgewebview2.exe            2776 Console                    1     18 108 K
msedgewebview2.exe           15928 Console                    1      7 404 K
msedgewebview2.exe            3660 Console                    1    158 828 K
ApplicationFrameHost.exe     24092 Console                    1     34 344 K
XboxGameBarWidgets.exe       14464 Console                    1     50 808 K
RuntimeBroker.exe             6596 Console                    1     20 360 K
svchost.exe                   4672 Services                   0     17 680 K
XboxPcAppFT.exe               5864 Console                    1     25 804 K
svchost.exe                  12832 Services                   0      7 704 K
svchost.exe                  21868 Console                    1      9 980 K
svchost.exe                  14864 Services                   0     10 164 K
svchost.exe                  23232 Services                   0     14 140 K
msedgewebview2.exe            6676 Console                    1      6 696 K
dllhost.exe                  19220 Console                    1     12 308 K
SystemSettingsBroker.exe      1868 Console                    1     36 688 K
dllhost.exe                    376 Console                    1      7 308 K
WmiApSrv.exe                  9728 Services                   0      8 724 K
svchost.exe                  12284 Services                   0     16 796 K
svchost.exe                  25316 Services                   0     12 056 K
XboxGameBarSpotify.exe       25360 Console                    1     47 320 K
svchost.exe                  13848 Services                   0      6 524 K
RuntimeBroker.exe            20136 Console                    1     10 732 K
steam.exe                    21192 Console                    1     87 748 K
steamwebhelper.exe            5476 Console                    1    157 712 K
steamservice.exe             23932 Services                   0     14 968 K
steamwebhelper.exe           20604 Console                    1     15 376 K
steamwebhelper.exe           24252 Console                    1    186 984 K
steamwebhelper.exe           19040 Console                    1     34 344 K
steamwebhelper.exe           20748 Console                    1    437 580 K
steamwebhelper.exe           19580 Console                    1    178 128 K
steamwebhelper.exe            6896 Console                    1     23 352 K
utweb.exe                    19144 Console                    1     36 028 K
helper.exe                   11152 Console                    1     16 660 K
taskhostw.exe                26528 Console                    1     29 968 K
logi_crashpad_handler.exe    29000 Services                   0      5 504 K
logi_crashpad_handler.exe    29008 Console                    1      6 624 K
svchost.exe                  29132 Services                   0      6 064 K
wallpaper64.exe              14456 Console                    1     48 452 K
opera.exe                    13940 Console                    1    465 744 K
opera_crashreporter.exe      28456 Console                    1      9 740 K
opera.exe                    20956 Console                    1    162 008 K
opera.exe                    29576 Console                    1     45 724 K
opera.exe                    29748 Console                    1     23 340 K
opera.exe                    29852 Console                    1    133 084 K
opera.exe                    29860 Console                    1    160 792 K
opera.exe                    30024 Console                    1    159 324 K
opera.exe                    30032 Console                    1    189 592 K
opera.exe                    30176 Console                    1    137 816 K
opera.exe                    30184 Console                    1     22 540 K
opera.exe                    30284 Console                    1    198 996 K
opera.exe                    30376 Console                    1     53 124 K
opera.exe                    30428 Console                    1    128 888 K
opera.exe                    30772 Console                    1    145 692 K
opera.exe                    30824 Console                    1    138 984 K
opera.exe                    30840 Console                    1    136 944 K
opera.exe                    30848 Console                    1    134 536 K
opera.exe                    30864 Console                    1    135 264 K
opera.exe                    30972 Console                    1    148 460 K
opera.exe                    31068 Console                    1    130 888 K
opera.exe                    31380 Console                    1    193 312 K
opera.exe                    31252 Console                    1    250 876 K
opera.exe                    31272 Console                    1    244 864 K
opera.exe                    25076 Console                    1     32 744 K
Lenovo.Modern.ImControlle    19516 Console                    1     74 568 K
WINWORD.EXE                   3436 Console                    1     96 164 K
splwow64.exe                 23340 Console                    1     21 016 K
backgroundTaskHost.exe       28224 Console                    1     17 384 K
RuntimeBroker.exe            27656 Console                    1      9 056 K
svchost.exe                  30344 Services                   0      7 664 K
smartscreen.exe              22308 Console                    1     10 788 K
svchost.exe                  27584 Services                   0     10 112 K
powershell.exe               24384 Console                    1     73 452 K
conhost.exe                  22940 Console                    1      8 160 K
OpenConsole.exe              19408 Console                    1     12 116 K
WindowsTerminal.exe           9472 Console                    1     97 076 K
RuntimeBroker.exe            25932 Console                    1     10 928 K
Taskmgr.exe                  24752 Console                    1    135 356 K
WmiPrvSE.exe                 27280 Services                   0      9 224 K
TrustedInstaller.exe         19024 Services                   0      8 324 K
TiWorker.exe                 26344 Services                   0     13 612 K
backgroundTaskHost.exe       30764 Console                    1     10 752 K
audiodg.exe                  22012 Services                   0     10 232 K
Photoshop.exe                22284 Console                    1  1 080 576 K
CRWindowsClientService.ex    24784 Console                    1     13 428 K
cmd.exe                       9416 Console                    1      7 060 K
w32tm.exe                    11716 Console                    1      2 200 K
conhost.exe                  23936 Console                    1      8 124 K
tasklist.exe                 27800 Console                    1      9 348 K
OpenConsole.exe              23904 Console                    1     10 920 K
WindowsTerminal.exe           3500 Console                    1      8 936 K
msedgewebview2.exe           20056 Console                    1      2 572 K
Файл Photoshop.exe успішно завершено 
Видалення файлів, які мають розширення .TMP, або їх ім’я починається на «temp» в d:\lab2:
Видалено 0 файл(и)
Архів не створено
Вчорашній архів відсутній
Архівів старших за 30 днів не знайдено
Підключення до інтернету присутнє
IP-адреса не знайдена
Список комп'ютерів в мережі:

Interface: 192.168.31.191 --- 0xd
  Internet Address      Physical Address      Type
  192.168.31.1          50-d2-f5-9a-cd-99     dynamic   
  192.168.31.255        ff-ff-ff-ff-ff-ff     static    
  224.0.0.2             01-00-5e-00-00-02     static    
  224.0.0.22            01-00-5e-00-00-16     static    
  224.0.0.251           01-00-5e-00-00-fb     static    
  224.0.0.252           01-00-5e-00-00-fc     static    
  239.192.152.143       01-00-5e-40-98-8f     static    
  239.255.255.250       01-00-5e-7f-ff-fa     static    
  255.255.255.255       ff-ff-ff-ff-ff-ff     static    
Не усі IP-адреси з ipon.txt наявні у системі
log.log занадто великий, 26775 байт
Caption  FreeSpace     Size          
C:       48663523328   255217807360  
D:       157393866752  434794131456  

